<?xml version="1.0" encoding="UTF-8"?>
<!-- Generated by org.testng.reporters.JUnitReportReporter -->
<testsuite skipped="0" hostname="DESKTOP-M05BBAF" name="demoGit.Demo" tests="1" failures="0" timestamp="10 Mar 2022 09:47:24 GMT" time="0.036" errors="0">
  <testcase name="demo" time="0.036" classname="demoGit.Demo"/>
</testsuite> <!-- demoGit.Demo -->
